{
  "RSpec": {
    "coverage": {
      "/Users/liatmoss/Desktop/Projects/WeekTen/tic_tac_toe/spec/game_spec.rb": [
        1,
        1,
        1,
        1,
        1,
        1,
        null,
        null,
        null,
        1,
        1,
        1,
        1,
        null,
        null,
        null
      ],
      "/Users/liatmoss/Desktop/Projects/WeekTen/tic_tac_toe/lib/game.rb": [
        1,
        1,
        2,
        null,
        null,
        1,
        1,
        1,
        null,
        null,
        1,
        1,
        1,
        null,
        null
      ]
    },
    "timestamp": 1576690675
  }
}
