{
  "RSpec": {
    "coverage": {
      "/Users/liatmoss/Desktop/Projects/WeekTen/tic_tac_toe/spec/calculator_spec.rb": [
        1,
        null,
        1,
        null,
        1,
        1,
        null,
        null,
        null,
        null,
        null
      ],
      "/Users/liatmoss/Desktop/Projects/WeekTen/tic_tac_toe/lib/Calculation.rb": [
        1,
        null,
        1,
        null,
        null
      ],
      "/Users/liatmoss/Desktop/Projects/WeekTen/tic_tac_toe/lib/game.rb": [
        1,
        null,
        1,
        1,
        null,
        1,
        6,
        null,
        null,
        1,
        11,
        null,
        10,
        10,
        1,
        null,
        9,
        null,
        null,
        null,
        1,
        9,
        null,
        8,
        8,
        null,
        null,
        1,
        13,
        3,
        null,
        null,
        null,
        null
      ],
      "/Users/liatmoss/Desktop/Projects/WeekTen/tic_tac_toe/lib/calculation.rb": [
        1,
        null,
        1,
        null,
        null
      ],
      "/Users/liatmoss/Desktop/Projects/WeekTen/tic_tac_toe/spec/game_spec.rb": [
        1,
        1,
        1,
        7,
        null,
        1,
        1,
        1,
        null,
        1,
        1,
        2,
        null,
        null,
        null,
        1,
        1,
        1,
        null,
        1,
        1,
        2,
        null,
        null,
        null,
        1,
        1,
        1,
        1,
        null,
        null,
        1,
        1,
        1,
        null,
        null,
        null,
        null
      ],
      "/Users/liatmoss/Desktop/Projects/WeekTen/tic_tac_toe/spec/game_helper.rb": [
        1,
        1,
        1,
        1,
        1,
        1,
        1,
        1,
        1,
        1,
        null,
        null,
        1,
        1,
        1,
        1,
        1,
        1,
        null
      ]
    },
    "timestamp": 1576761195
  }
}
